<?xml version="1.0" encoding="UTF-8"?>
<!-- Generated by org.testng.reporters.JUnitReportReporter -->
<testsuite hostname="DESKTOP-BQ4FRJF" failures="0" tests="1" name="com.creation.testcases.SearchTestCase" time="13.863" errors="0" timestamp="2024-01-09T17:03:57 IST" skipped="0">
  <testcase classname="com.creation.testcases.SearchTestCase" name="searchCourseTesr" time="13.863"/>
</testsuite> <!-- com.creation.testcases.SearchTestCase -->
