<?xml version="1.0" encoding="UTF-8"?>
<!-- Generated by org.testng.reporters.JUnitReportReporter -->
<testsuite hostname="DESKTOP-BQ4FRJF" failures="0" tests="1" name="com.creation.testcases.PaymentTestCase" time="16.164" errors="0" timestamp="2024-01-11T11:40:12 IST" skipped="0">
  <testcase classname="com.creation.testcases.PaymentTestCase" name="testcourses" time="16.164"/>
</testsuite> <!-- com.creation.testcases.PaymentTestCase -->
